<?xml version="1.0" encoding="UTF-8"?>
<!-- Generated by org.testng.reporters.JUnitReportReporter -->
<testsuite hostname="VIJAY" failures="0" tests="6" name="api.test.DataDrivenTest" time="14.237" errors="0" timestamp="2024-10-02T14:14:18 IST" skipped="0">
  <testcase classname="api.test.DataDrivenTest" name="testPostUser" time="2.011"/>
  <testcase classname="api.test.DataDrivenTest" name="testPostUser" time="2.889"/>
  <testcase classname="api.test.DataDrivenTest" name="testPostUser" time="1.481"/>
  <testcase classname="api.test.DataDrivenTest" name="testDeleteUserByName" time="2.171"/>
  <testcase classname="api.test.DataDrivenTest" name="testDeleteUserByName" time="4.158"/>
  <testcase classname="api.test.DataDrivenTest" name="testDeleteUserByName" time="1.527"/>
</testsuite> <!-- api.test.DataDrivenTest -->
