<?xml version="1.0" encoding="UTF-8"?>
<!-- Generated by org.testng.reporters.JUnitReportReporter -->
<testsuite hostname="VIJAY" failures="0" tests="4" name="api.test.userTest" time="7.956" errors="0" timestamp="2024-04-21T12:22:15 IST" skipped="0">
  <testcase classname="api.test.userTest" name="testPostUser" time="1.547"/>
  <testcase classname="api.test.userTest" name="testGetUserByName" time="1.614"/>
  <testcase classname="api.test.userTest" name="testUpdateUserByName" time="3.149"/>
  <testcase classname="api.test.userTest" name="testDeleteUserByName" time="1.646"/>
</testsuite> <!-- api.test.userTest -->
