<?xml version="1.0" encoding="UTF-8"?>
<!-- Generated by org.testng.reporters.JUnitReportReporter -->
<testsuite hostname="VIJAY" failures="0" tests="6" name="api.test.DataDrivenTest" time="13.562" errors="0" timestamp="2024-04-20T12:33:22 IST" skipped="0">
  <testcase classname="api.test.DataDrivenTest" name="testPostUser" time="1.847"/>
  <testcase classname="api.test.DataDrivenTest" name="testPostUser" time="2.059"/>
  <testcase classname="api.test.DataDrivenTest" name="testPostUser" time="3.453"/>
  <testcase classname="api.test.DataDrivenTest" name="testDeleteUserByName" time="2.323"/>
  <testcase classname="api.test.DataDrivenTest" name="testDeleteUserByName" time="1.725"/>
  <testcase classname="api.test.DataDrivenTest" name="testDeleteUserByName" time="2.155"/>
</testsuite> <!-- api.test.DataDrivenTest -->
