<?xml version="1.0" encoding="UTF-8"?>
<!-- Generated by org.testng.reporters.JUnitReportReporter -->
<testsuite hostname="VIJAY" failures="0" tests="4" name="api.test.userTestusingPropertiesfile" time="15.912" errors="0" timestamp="2024-04-27T11:36:26 IST" skipped="0">
  <testcase classname="api.test.userTestusingPropertiesfile" name="testPostUser" time="6.246"/>
  <testcase classname="api.test.userTestusingPropertiesfile" name="testGetUserByName" time="2.609"/>
  <testcase classname="api.test.userTestusingPropertiesfile" name="testUpdateUserByName" time="4.808"/>
  <testcase classname="api.test.userTestusingPropertiesfile" name="testDeleteUserByName" time="2.249"/>
</testsuite> <!-- api.test.userTestusingPropertiesfile -->
