<?xml version="1.0" encoding="UTF-8"?>
<!-- Generated by org.testng.reporters.JUnitReportReporter -->
<testsuite hostname="VIJAY" failures="0" tests="4" name="api.test.userTest" time="11.956" errors="0" timestamp="2024-04-27T11:43:54 IST" skipped="0">
  <testcase classname="api.test.userTest" name="testPostUser" time="2.103"/>
  <testcase classname="api.test.userTest" name="testGetUserByName" time="2.890"/>
  <testcase classname="api.test.userTest" name="testUpdateUserByName" time="4.712"/>
  <testcase classname="api.test.userTest" name="testDeleteUserByName" time="2.251"/>
</testsuite> <!-- api.test.userTest -->
