<?xml version="1.0" encoding="UTF-8"?>
<!-- Generated by org.testng.reporters.JUnitReportReporter -->
<testsuite hostname="VIJAY" failures="0" tests="6" name="api.test.DataDrivenTest" time="15.937" errors="0" timestamp="2024-04-27T11:43:54 IST" skipped="0">
  <testcase classname="api.test.DataDrivenTest" name="testPostUser" time="4.305"/>
  <testcase classname="api.test.DataDrivenTest" name="testPostUser" time="2.443"/>
  <testcase classname="api.test.DataDrivenTest" name="testPostUser" time="3.101"/>
  <testcase classname="api.test.DataDrivenTest" name="testDeleteUserByName" time="2.149"/>
  <testcase classname="api.test.DataDrivenTest" name="testDeleteUserByName" time="1.946"/>
  <testcase classname="api.test.DataDrivenTest" name="testDeleteUserByName" time="1.993"/>
</testsuite> <!-- api.test.DataDrivenTest -->
